<?xml version="1.0" encoding="UTF-8"?>
<!-- Generated by org.testng.reporters.JUnitReportReporter -->
<testsuite hostname="DESKTOP-MCG8E6U" failures="0" tests="2" name="test.basicTest" time="0.003" errors="0" timestamp="2023-06-01T16:45:42 IST" skipped="0">
  <testcase classname="test.basicTest" name="WebloginCarLoan" time="0.002"/>
  <system-out/>
  <testcase classname="test.basicTest" name="LoginAPICarLoan" time="0.001"/>
  <system-out/>
</testsuite> <!-- test.basicTest -->
