<?xml version="1.0" encoding="UTF-8"?>
<!-- Generated by org.testng.reporters.JUnitReportReporter -->
<testsuite hostname="DESKTOP-MCG8E6U" failures="0" tests="1" name="test.basics" time="0.008" errors="0" timestamp="2023-06-01T16:45:42 IST" skipped="0">
  <testcase classname="test.basics" name="secondDemo" time="0.008"/>
  <system-out/>
</testsuite> <!-- test.basics -->
