<?xml version="1.0" encoding="UTF-8"?>
<!-- Generated by org.testng.reporters.JUnitReportReporter -->
<testsuite hostname="DESKTOP-MCG8E6U" failures="0" tests="3" name="test.basicTest1" time="0.005" errors="0" timestamp="2023-06-01T16:45:42 IST" skipped="0">
  <testcase classname="test.basicTest1" name="LoginAPIHomeLoan" time="0.002"/>
  <system-out/>
  <testcase classname="test.basicTest1" name="MobileloginHomeLoan" time="0.001"/>
  <system-out/>
  <testcase classname="test.basicTest1" name="WebloginHomeLoan" time="0.002"/>
  <system-out/>
</testsuite> <!-- test.basicTest1 -->
